<?xml version="1.0" encoding="UTF-8"?>
<testng-results ignored="0" total="1" passed="1" failed="0" skipped="0">
  <reporter-output>
  </reporter-output>
  <suite started-at="2024-01-06T14:21:33 IST" name="Default suite" finished-at="2024-01-06T14:21:33 IST" duration-ms="62">
    <groups>
    </groups>
    <test started-at="2024-01-06T14:21:33 IST" name="Default test" finished-at="2024-01-06T14:21:33 IST" duration-ms="62">
      <class name="com.dmantz.JUnitTesting.TestStudent">
        <test-method signature="testStudent()[pri:0, instance:com.dmantz.JUnitTesting.TestStudent@498d318c]" started-at="2024-01-06T14:21:33 IST" name="testStudent" finished-at="2024-01-06T14:21:33 IST" duration-ms="14" status="PASS">
          <reporter-output>
          </reporter-output>
        </test-method> <!-- testStudent -->
      </class> <!-- com.dmantz.JUnitTesting.TestStudent -->
    </test> <!-- Default test -->
  </suite> <!-- Default suite -->
</testng-results>
